<?xml version="1.0" encoding="UTF-8"?>
<testsuite name="Utest.com" tests="1" skipped="0" failures="1" errors="0" timestamp="2021-02-23T17:23:42" hostname="BBVAC21A" time="18.943">
  <properties/>
  <testcase name="Registration successful" classname="Utest.com" time="18.943">
    <failure message="cucumber.runtime.CucumberException: Arity mismatch: Step Definition 'reto.tecnico.stepdefinitions.retoTecnicoStepDefinitions.completeTheFollowingInformationInTheForm() in file:/C:/Users/Administrador/IdeaProjects/Prueba%20Tecnica/PRUEBA_TECNICA/build/classes/java/test/' with pattern [^Complete the following information in the form$] is declared with 0 parameters. However, the gherkin step has 1 arguments [Table:[[firstName, lastName, email, birthMonth, birthDay, year, language, city, Postal_Code, Country, password], [Diego, Jimenez Blanco, diegojb@gmail.com, October, 27, 1995, English, Mosquera, 250047, Colombia, D%360jb$]]]. &#10;Step text: Complete the following information in the form" type="cucumber.runtime.CucumberException">cucumber.runtime.CucumberException: Arity mismatch: Step Definition 'reto.tecnico.stepdefinitions.retoTecnicoStepDefinitions.completeTheFollowingInformationInTheForm() in file:/C:/Users/Administrador/IdeaProjects/Prueba%20Tecnica/PRUEBA_TECNICA/build/classes/java/test/' with pattern [^Complete the following information in the form$] is declared with 0 parameters. However, the gherkin step has 1 arguments [Table:[[firstName, lastName, email, birthMonth, birthDay, year, language, city, Postal_Code, Country, password], [Diego, Jimenez Blanco, diegojb@gmail.com, October, 27, 1995, English, Mosquera, 250047, Colombia, D%360jb$]]]. 
Step text: Complete the following information in the form
	at cucumber.runtime.StepDefinitionMatch.arityMismatch(StepDefinitionMatch.java:111)
	at cucumber.runtime.StepDefinitionMatch.transformedArgs(StepDefinitionMatch.java:66)
	at cucumber.runtime.StepDefinitionMatch.runStep(StepDefinitionMatch.java:40)
	at cucumber.api.TestStep.executeStep(TestStep.java:102)
	at cucumber.api.TestStep.run(TestStep.java:83)
	at cucumber.api.TestCase.run(TestCase.java:58)
	at cucumber.runner.Runner.runPickle(Runner.java:80)
	at cucumber.runtime.junit.PickleRunners$NoStepDescriptions.run(PickleRunners.java:140)
	at cucumber.runtime.junit.FeatureRunner.runChild(FeatureRunner.java:68)
	at cucumber.runtime.junit.FeatureRunner.runChild(FeatureRunner.java:23)
	at org.junit.runners.ParentRunner$3.run(ParentRunner.java:290)
	at org.junit.runners.ParentRunner$1.schedule(ParentRunner.java:71)
	at org.junit.runners.ParentRunner.runChildren(ParentRunner.java:288)
	at org.junit.runners.ParentRunner.access$000(ParentRunner.java:58)
	at org.junit.runners.ParentRunner$2.evaluate(ParentRunner.java:268)
	at org.junit.runners.ParentRunner.run(ParentRunner.java:363)
	at cucumber.runtime.junit.FeatureRunner.run(FeatureRunner.java:73)
	at cucumber.api.junit.Cucumber.runChild(Cucumber.java:118)
	at cucumber.api.junit.Cucumber.runChild(Cucumber.java:56)
	at org.junit.runners.ParentRunner$3.run(ParentRunner.java:290)
	at org.junit.runners.ParentRunner$1.schedule(ParentRunner.java:71)
	at org.junit.runners.ParentRunner.runChildren(ParentRunner.java:288)
	at org.junit.runners.ParentRunner.access$000(ParentRunner.java:58)
	at org.junit.runners.ParentRunner$2.evaluate(ParentRunner.java:268)
	at cucumber.api.junit.Cucumber$1.evaluate(Cucumber.java:127)
	at org.junit.runners.ParentRunner.run(ParentRunner.java:363)
	at org.gradle.api.internal.tasks.testing.junit.JUnitTestClassExecutor.runTestClass(JUnitTestClassExecutor.java:110)
	at org.gradle.api.internal.tasks.testing.junit.JUnitTestClassExecutor.execute(JUnitTestClassExecutor.java:58)
	at org.gradle.api.internal.tasks.testing.junit.JUnitTestClassExecutor.execute(JUnitTestClassExecutor.java:38)
	at org.gradle.api.internal.tasks.testing.junit.AbstractJUnitTestClassProcessor.processTestClass(AbstractJUnitTestClassProcessor.java:62)
	at org.gradle.api.internal.tasks.testing.SuiteTestClassProcessor.processTestClass(SuiteTestClassProcessor.java:51)
	at java.base/jdk.internal.reflect.NativeMethodAccessorImpl.invoke0(Native Method)
	at java.base/jdk.internal.reflect.NativeMethodAccessorImpl.invoke(NativeMethodAccessorImpl.java:62)
	at java.base/jdk.internal.reflect.DelegatingMethodAccessorImpl.invoke(DelegatingMethodAccessorImpl.java:43)
	at java.base/java.lang.reflect.Method.invoke(Method.java:566)
	at org.gradle.internal.dispatch.ReflectionDispatch.dispatch(ReflectionDispatch.java:35)
	at org.gradle.internal.dispatch.ReflectionDispatch.dispatch(ReflectionDispatch.java:24)
	at org.gradle.internal.dispatch.ContextClassLoaderDispatch.dispatch(ContextClassLoaderDispatch.java:32)
	at org.gradle.internal.dispatch.ProxyDispatchAdapter$DispatchingInvocationHandler.invoke(ProxyDispatchAdapter.java:93)
	at com.sun.proxy.$Proxy2.processTestClass(Unknown Source)
	at org.gradle.api.internal.tasks.testing.worker.TestWorker.processTestClass(TestWorker.java:118)
	at java.base/jdk.internal.reflect.NativeMethodAccessorImpl.invoke0(Native Method)
	at java.base/jdk.internal.reflect.NativeMethodAccessorImpl.invoke(NativeMethodAccessorImpl.java:62)
	at java.base/jdk.internal.reflect.DelegatingMethodAccessorImpl.invoke(DelegatingMethodAccessorImpl.java:43)
	at java.base/java.lang.reflect.Method.invoke(Method.java:566)
	at org.gradle.internal.dispatch.ReflectionDispatch.dispatch(ReflectionDispatch.java:35)
	at org.gradle.internal.dispatch.ReflectionDispatch.dispatch(ReflectionDispatch.java:24)
	at org.gradle.internal.remote.internal.hub.MessageHubBackedObjectConnection$DispatchWrapper.dispatch(MessageHubBackedObjectConnection.java:175)
	at org.gradle.internal.remote.internal.hub.MessageHubBackedObjectConnection$DispatchWrapper.dispatch(MessageHubBackedObjectConnection.java:157)
	at org.gradle.internal.remote.internal.hub.MessageHub$Handler.run(MessageHub.java:404)
	at org.gradle.internal.concurrent.ExecutorPolicy$CatchAndRecordFailures.onExecute(ExecutorPolicy.java:63)
	at org.gradle.internal.concurrent.ManagedExecutorImpl$1.run(ManagedExecutorImpl.java:46)
	at java.base/java.util.concurrent.ThreadPoolExecutor.runWorker(ThreadPoolExecutor.java:1128)
	at java.base/java.util.concurrent.ThreadPoolExecutor$Worker.run(ThreadPoolExecutor.java:628)
	at org.gradle.internal.concurrent.ThreadFactoryImpl$ManagedThreadRunnable.run(ThreadFactoryImpl.java:55)
	at java.base/java.lang.Thread.run(Thread.java:834)
</failure>
  </testcase>
  <system-out><![CDATA[]]></system-out>
  <system-err><![CDATA[[Test worker] WARN net.thucydides.core.steps.BaseStepListener - stepStarted: net.thucydides.core.steps.ExecutedStepDescription@6bed32b2
[Test worker] WARN net.thucydides.core.steps.BaseStepListener - stepStarted: net.thucydides.core.steps.ExecutedStepDescription@572a5954
[Test worker] WARN net.thucydides.core.steps.BaseStepListener - stepStarted: net.thucydides.core.steps.ExecutedStepDescription@3c329e43
feb. 23, 2021 12:23:43 P. M. org.openqa.selenium.remote.DesiredCapabilities chrome
INFORMACIÓN: Using `new ChromeOptions()` is preferred to `DesiredCapabilities.chrome()`
[Test worker] INFO net.serenitybdd.core.webdriver.driverproviders.ProvideNewDriver - Instantiating driver
[Test worker] INFO net.serenitybdd.core.webdriver.driverproviders.ProvideNewDriver - Driver capabilities: Capabilities {acceptInsecureCerts: false, browserName: chrome, chrome.switches: --start-maximized, goog:chromeOptions: {args: [--start-maximized], extensions: []}, loggingPrefs: org.openqa.selenium.logging..., platform: ANY, version: }
Starting ChromeDriver 2.39.562718 (9a2698cba08cf5a471a29d30c8b3e12becabb0e9) on port 23903
Only local connections are allowed.
[1614101028.672][WARNING]: Timed out connecting to Chrome, retrying...
feb. 23, 2021 12:23:50 P. M. org.openqa.selenium.remote.ProtocolHandshake createSession
INFORMACIÓN: Detected dialect: OSS
[Test worker] WARN net.thucydides.core.steps.BaseStepListener - stepFinished: current outcome:Registration successful:Given than Diego enters the uTest page [Diego open up [Diego opens the U test page]]
[Test worker] WARN net.thucydides.core.steps.BaseStepListener - stepFinished: current outcome:Registration successful:Given than Diego enters the uTest page [Diego open up [Diego opens the U test page]]
[Test worker] WARN net.thucydides.core.steps.BaseStepListener - stepFinished: current outcome:Registration successful:Given than Diego enters the uTest page [Diego open up [Diego opens the U test page]]
[Test worker] WARN net.thucydides.core.steps.BaseStepListener - stepStarted: net.thucydides.core.steps.ExecutedStepDescription@7a6b5361
[Test worker] WARN net.thucydides.core.steps.BaseStepListener - stepStarted: net.thucydides.core.steps.ExecutedStepDescription@1efd9cf5
[Test worker] WARN net.thucydides.core.steps.BaseStepListener - testFinished: Registration successful:Given than Diego enters the uTest page [Diego open up [Diego opens the U test page]], When Complete the following information in the form
| firstName | lastName | email | birthMonth | birthDay | year | language | city | Postal_Code | Country | password |
| Diego | Jimenez Blanco | diegojb@gmail.com | October | 27 | 1995 | English | Mosquera | 250047 | Colombia | D%360jb$ |, Then The user must be successfully registered on the page
[Test worker] WARN net.thucydides.core.steps.BaseStepListener - TestOutcomes: [Registration successful:Given than Diego enters the uTest page [Diego open up [Diego opens the U test page]], When Complete the following information in the form
| firstName | lastName | email | birthMonth | birthDay | year | language | city | Postal_Code | Country | password |
| Diego | Jimenez Blanco | diegojb@gmail.com | October | 27 | 1995 | English | Mosquera | 250047 | Colombia | D%360jb$ |, Then The user must be successfully registered on the page]
[Test worker] WARN net.thucydides.core.steps.BaseStepListener - Final testOutcomes: [Registration successful:Given than Diego enters the uTest page [Diego open up [Diego opens the U test page]], When Complete the following information in the form
| firstName | lastName | email | birthMonth | birthDay | year | language | city | Postal_Code | Country | password |
| Diego | Jimenez Blanco | diegojb@gmail.com | October | 27 | 1995 | English | Mosquera | 250047 | Colombia | D%360jb$ |, Then The user must be successfully registered on the page]
[Test worker] ERROR net.thucydides.core.steps.ConsoleLoggingListener - 
           __  _____ _____ ____ _____   _____ _    ___ _     _____ ____  
  _       / / |_   _| ____/ ___|_   _| |  ___/ \  |_ _| |   | ____|  _ \ 
 (_)_____| |    | | |  _| \___ \ | |   | |_ / _ \  | || |   |  _| | | | |
  _|_____| |    | | | |___ ___) || |   |  _/ ___ \ | || |___| |___| |_| |
 (_)     | |    |_| |_____|____/ |_|   |_|/_/   \_\___|_____|_____|____/ 
          \_\                                                            

TEST FAILED WITH ERROR: Registration successful
---------------------------------------------------------------------
[Test worker] ERROR net.thucydides.core.steps.ConsoleLoggingListener - TEST FAILED AT STEP When Complete the following information in the form | firstName | lastName | email | birthMonth | birthDay | year | language | city | Postal_Code | Country | password | | Diego | Jimenez Blanco | diegojb@gmail.com | October | 27 | 1995 | English | Mosquera | 250047 | Colombia | D%360jb$ |
[Test worker] ERROR net.thucydides.core.steps.ConsoleLoggingListener - Arity mismatch: Step Definition 'reto.tecnico.stepdefinitions.retoTecnicoStepDefinitions.completeTheFollowingInformationInTheForm() in file:/C:/Users/Administrador/IdeaProjects/Prueba%20Tecnica/PRUEBA_TECNICA/build/classes/java/test/' with pattern [^Complete the following information in the form$] is declared with 0 parameters. However, the gherkin step has 1 arguments [Table:[[firstName, lastName, email, birthMonth, birthDay, year, language, city, Postal_Code, Country, password], [Diego, Jimenez Blanco, diegojb@gmail.com, October, 27, 1995, English, Mosquera, 250047, Colombia, D%360jb$]]]. 
]]></system-err>
</testsuite>
